<?xml version="1.0" encoding="UTF-8"?>
<testng-results skipped="0" failed="2" ignored="0" total="16" passed="14">
  <reporter-output>
  </reporter-output>
  <suite name="Default suite" duration-ms="2134134" started-at="2019-10-16T06:17:12Z" finished-at="2019-10-16T06:52:46Z">
    <groups>
    </groups>
    <test name="Default test" duration-ms="2134134" started-at="2019-10-16T06:17:12Z" finished-at="2019-10-16T06:52:46Z">
      <class name="Elite_Search.Elite_Search.searchTest">
        <test-method status="PASS" signature="launch()[pri:0, instance:Elite_Search.Elite_Search.searchTest@14acaea5]" name="launch" is-config="true" duration-ms="56534" started-at="2019-10-16T06:17:12Z" description="Launching browser" finished-at="2019-10-16T06:18:08Z">
          <reporter-output>
          </reporter-output>
        </test-method> <!-- launch -->
        <test-method status="PASS" signature="login()[pri:0, instance:Elite_Search.Elite_Search.searchTest@14acaea5]" name="login" duration-ms="37544" started-at="2019-10-16T06:18:09Z" finished-at="2019-10-16T06:18:46Z">
          <reporter-output>
          </reporter-output>
        </test-method> <!-- login -->
        <test-method status="PASS" signature="Search_001()[pri:1, instance:Elite_Search.Elite_Search.searchTest@14acaea5]" name="Search_001" duration-ms="65510" started-at="2019-10-16T06:18:46Z" finished-at="2019-10-16T06:19:52Z">
          <reporter-output>
          </reporter-output>
        </test-method> <!-- Search_001 -->
        <test-method status="PASS" signature="Search_002()[pri:2, instance:Elite_Search.Elite_Search.searchTest@14acaea5]" name="Search_002" duration-ms="63542" started-at="2019-10-16T06:19:52Z" finished-at="2019-10-16T06:20:55Z">
          <reporter-output>
          </reporter-output>
        </test-method> <!-- Search_002 -->
        <test-method status="PASS" signature="Search_003()[pri:3, instance:Elite_Search.Elite_Search.searchTest@14acaea5]" name="Search_003" duration-ms="56806" started-at="2019-10-16T06:20:55Z" finished-at="2019-10-16T06:21:52Z">
          <reporter-output>
          </reporter-output>
        </test-method> <!-- Search_003 -->
        <test-method status="PASS" signature="Search_004()[pri:4, instance:Elite_Search.Elite_Search.searchTest@14acaea5]" name="Search_004" duration-ms="77040" started-at="2019-10-16T06:21:52Z" finished-at="2019-10-16T06:23:09Z">
          <reporter-output>
          </reporter-output>
        </test-method> <!-- Search_004 -->
        <test-method status="FAIL" signature="Search_005()[pri:5, instance:Elite_Search.Elite_Search.searchTest@14acaea5]" name="Search_005" duration-ms="3087" started-at="2019-10-16T06:23:09Z" finished-at="2019-10-16T06:23:12Z">
          <exception class="org.openqa.selenium.ElementClickInterceptedException">
            <message>
              <![CDATA[element click intercepted: Element <span class="css-1v99tuv">...</span> is not clickable at point (709, 9). Other element would receive the click: <div id="loader" style="visibility: visible;">...</div>
  (Session info: chrome=77.0.3865.120)
Build info: version: '3.14.0', revision: 'aacccce0', time: '2018-08-02T20:19:58.91Z'
System info: host: 'SIVADASS-KOB-MA', ip: '192.168.1.3', os.name: 'Windows 10', os.arch: 'amd64', os.version: '10.0', java.version: '1.8.0_201'
Driver info: org.openqa.selenium.chrome.ChromeDriver
Capabilities {acceptInsecureCerts: false, browserName: chrome, browserVersion: 77.0.3865.120, chrome: {chromedriverVersion: 77.0.3865.40 (f484704e052e0..., userDataDir: C:\Users\Sivadass\AppData\L...}, goog:chromeOptions: {debuggerAddress: localhost:62224}, javascriptEnabled: true, networkConnectionEnabled: false, pageLoadStrategy: normal, platform: XP, platformName: XP, proxy: Proxy(), setWindowRect: true, strictFileInteractability: false, timeouts: {implicit: 0, pageLoad: 300000, script: 30000}, unhandledPromptBehavior: dismiss and notify}
Session ID: 1b0b4ac416061a5a055fe9aadf2015d7]]>
            </message>
            <full-stacktrace>
              <![CDATA[org.openqa.selenium.ElementClickInterceptedException: element click intercepted: Element <span class="css-1v99tuv">...</span> is not clickable at point (709, 9). Other element would receive the click: <div id="loader" style="visibility: visible;">...</div>
  (Session info: chrome=77.0.3865.120)
Build info: version: '3.14.0', revision: 'aacccce0', time: '2018-08-02T20:19:58.91Z'
System info: host: 'SIVADASS-KOB-MA', ip: '192.168.1.3', os.name: 'Windows 10', os.arch: 'amd64', os.version: '10.0', java.version: '1.8.0_201'
Driver info: org.openqa.selenium.chrome.ChromeDriver
Capabilities {acceptInsecureCerts: false, browserName: chrome, browserVersion: 77.0.3865.120, chrome: {chromedriverVersion: 77.0.3865.40 (f484704e052e0..., userDataDir: C:\Users\Sivadass\AppData\L...}, goog:chromeOptions: {debuggerAddress: localhost:62224}, javascriptEnabled: true, networkConnectionEnabled: false, pageLoadStrategy: normal, platform: XP, platformName: XP, proxy: Proxy(), setWindowRect: true, strictFileInteractability: false, timeouts: {implicit: 0, pageLoad: 300000, script: 30000}, unhandledPromptBehavior: dismiss and notify}
Session ID: 1b0b4ac416061a5a055fe9aadf2015d7
at sun.reflect.NativeConstructorAccessorImpl.newInstance0(Native Method)
at sun.reflect.NativeConstructorAccessorImpl.newInstance(NativeConstructorAccessorImpl.java:62)
at sun.reflect.DelegatingConstructorAccessorImpl.newInstance(DelegatingConstructorAccessorImpl.java:45)
at java.lang.reflect.Constructor.newInstance(Constructor.java:423)
at org.openqa.selenium.remote.http.W3CHttpResponseCodec.createException(W3CHttpResponseCodec.java:187)
at org.openqa.selenium.remote.http.W3CHttpResponseCodec.decode(W3CHttpResponseCodec.java:122)
at org.openqa.selenium.remote.http.W3CHttpResponseCodec.decode(W3CHttpResponseCodec.java:49)
at org.openqa.selenium.remote.HttpCommandExecutor.execute(HttpCommandExecutor.java:158)
at org.openqa.selenium.remote.service.DriverCommandExecutor.execute(DriverCommandExecutor.java:83)
at org.openqa.selenium.remote.RemoteWebDriver.execute(RemoteWebDriver.java:548)
at org.openqa.selenium.remote.RemoteWebElement.execute(RemoteWebElement.java:276)
at org.openqa.selenium.remote.RemoteWebElement.click(RemoteWebElement.java:83)
at Elite_Search.Elite_Search.searchmethod.catagory_selection(searchmethod.java:87)
at Elite_Search.Elite_Search.searchTest.Search_005(searchTest.java:80)
at sun.reflect.NativeMethodAccessorImpl.invoke0(Native Method)
at sun.reflect.NativeMethodAccessorImpl.invoke(NativeMethodAccessorImpl.java:62)
at sun.reflect.DelegatingMethodAccessorImpl.invoke(DelegatingMethodAccessorImpl.java:43)
at java.lang.reflect.Method.invoke(Method.java:498)
at org.testng.internal.MethodInvocationHelper.invokeMethod(MethodInvocationHelper.java:124)
at org.testng.internal.Invoker.invokeMethod(Invoker.java:583)
at org.testng.internal.Invoker.invokeTestMethod(Invoker.java:719)
at org.testng.internal.Invoker.invokeTestMethods(Invoker.java:989)
at org.testng.internal.TestMethodWorker.invokeTestMethods(TestMethodWorker.java:125)
at org.testng.internal.TestMethodWorker.run(TestMethodWorker.java:109)
at org.testng.TestRunner.privateRun(TestRunner.java:648)
at org.testng.TestRunner.run(TestRunner.java:505)
at org.testng.SuiteRunner.runTest(SuiteRunner.java:455)
at org.testng.SuiteRunner.runSequentially(SuiteRunner.java:450)
at org.testng.SuiteRunner.privateRun(SuiteRunner.java:415)
at org.testng.SuiteRunner.run(SuiteRunner.java:364)
at org.testng.SuiteRunnerWorker.runSuite(SuiteRunnerWorker.java:52)
at org.testng.SuiteRunnerWorker.run(SuiteRunnerWorker.java:84)
at org.testng.TestNG.runSuitesSequentially(TestNG.java:1208)
at org.testng.TestNG.runSuitesLocally(TestNG.java:1137)
at org.testng.TestNG.runSuites(TestNG.java:1049)
at org.testng.TestNG.run(TestNG.java:1017)
at org.testng.remote.AbstractRemoteTestNG.run(AbstractRemoteTestNG.java:114)
at org.testng.remote.RemoteTestNG.initAndRun(RemoteTestNG.java:251)
at org.testng.remote.RemoteTestNG.main(RemoteTestNG.java:77)
]]>
            </full-stacktrace>
          </exception> <!-- org.openqa.selenium.ElementClickInterceptedException -->
          <reporter-output>
          </reporter-output>
        </test-method> <!-- Search_005 -->
        <test-method status="PASS" signature="Search_006()[pri:6, instance:Elite_Search.Elite_Search.searchTest@14acaea5]" name="Search_006" duration-ms="110229" started-at="2019-10-16T06:23:13Z" finished-at="2019-10-16T06:25:03Z">
          <reporter-output>
          </reporter-output>
        </test-method> <!-- Search_006 -->
        <test-method status="PASS" signature="Search_007()[pri:7, instance:Elite_Search.Elite_Search.searchTest@14acaea5]" name="Search_007" duration-ms="244672" started-at="2019-10-16T06:25:03Z" finished-at="2019-10-16T06:29:08Z">
          <reporter-output>
          </reporter-output>
        </test-method> <!-- Search_007 -->
        <test-method status="PASS" signature="Search_009()[pri:9, instance:Elite_Search.Elite_Search.searchTest@14acaea5]" name="Search_009" duration-ms="111592" started-at="2019-10-16T06:29:08Z" finished-at="2019-10-16T06:30:59Z">
          <reporter-output>
          </reporter-output>
        </test-method> <!-- Search_009 -->
        <test-method status="PASS" signature="Search_010()[pri:10, instance:Elite_Search.Elite_Search.searchTest@14acaea5]" name="Search_010" duration-ms="171178" started-at="2019-10-16T06:30:59Z" finished-at="2019-10-16T06:33:51Z">
          <reporter-output>
          </reporter-output>
        </test-method> <!-- Search_010 -->
        <test-method status="PASS" signature="Search_011()[pri:11, instance:Elite_Search.Elite_Search.searchTest@14acaea5]" name="Search_011" duration-ms="267055" started-at="2019-10-16T06:33:51Z" finished-at="2019-10-16T06:38:18Z">
          <reporter-output>
          </reporter-output>
        </test-method> <!-- Search_011 -->
        <test-method status="PASS" signature="Search_012()[pri:12, instance:Elite_Search.Elite_Search.searchTest@14acaea5]" name="Search_012" duration-ms="320106" started-at="2019-10-16T06:38:18Z" finished-at="2019-10-16T06:43:38Z">
          <reporter-output>
          </reporter-output>
        </test-method> <!-- Search_012 -->
        <test-method status="FAIL" signature="Search_013()[pri:13, instance:Elite_Search.Elite_Search.searchTest@14acaea5]" name="Search_013" duration-ms="4546" started-at="2019-10-16T06:43:38Z" finished-at="2019-10-16T06:43:42Z">
          <exception class="org.openqa.selenium.ElementClickInterceptedException">
            <message>
              <![CDATA[element click intercepted: Element <button type="button" class="css-1r4vtzz">...</button> is not clickable at point (893, 20). Other element would receive the click: <div id="loader" style="visibility: visible;">...</div>
  (Session info: chrome=77.0.3865.120)
Build info: version: '3.14.0', revision: 'aacccce0', time: '2018-08-02T20:19:58.91Z'
System info: host: 'SIVADASS-KOB-MA', ip: '192.168.1.3', os.name: 'Windows 10', os.arch: 'amd64', os.version: '10.0', java.version: '1.8.0_201'
Driver info: org.openqa.selenium.chrome.ChromeDriver
Capabilities {acceptInsecureCerts: false, browserName: chrome, browserVersion: 77.0.3865.120, chrome: {chromedriverVersion: 77.0.3865.40 (f484704e052e0..., userDataDir: C:\Users\Sivadass\AppData\L...}, goog:chromeOptions: {debuggerAddress: localhost:62224}, javascriptEnabled: true, networkConnectionEnabled: false, pageLoadStrategy: normal, platform: XP, platformName: XP, proxy: Proxy(), setWindowRect: true, strictFileInteractability: false, timeouts: {implicit: 0, pageLoad: 300000, script: 30000}, unhandledPromptBehavior: dismiss and notify}
Session ID: 1b0b4ac416061a5a055fe9aadf2015d7]]>
            </message>
            <full-stacktrace>
              <![CDATA[org.openqa.selenium.ElementClickInterceptedException: element click intercepted: Element <button type="button" class="css-1r4vtzz">...</button> is not clickable at point (893, 20). Other element would receive the click: <div id="loader" style="visibility: visible;">...</div>
  (Session info: chrome=77.0.3865.120)
Build info: version: '3.14.0', revision: 'aacccce0', time: '2018-08-02T20:19:58.91Z'
System info: host: 'SIVADASS-KOB-MA', ip: '192.168.1.3', os.name: 'Windows 10', os.arch: 'amd64', os.version: '10.0', java.version: '1.8.0_201'
Driver info: org.openqa.selenium.chrome.ChromeDriver
Capabilities {acceptInsecureCerts: false, browserName: chrome, browserVersion: 77.0.3865.120, chrome: {chromedriverVersion: 77.0.3865.40 (f484704e052e0..., userDataDir: C:\Users\Sivadass\AppData\L...}, goog:chromeOptions: {debuggerAddress: localhost:62224}, javascriptEnabled: true, networkConnectionEnabled: false, pageLoadStrategy: normal, platform: XP, platformName: XP, proxy: Proxy(), setWindowRect: true, strictFileInteractability: false, timeouts: {implicit: 0, pageLoad: 300000, script: 30000}, unhandledPromptBehavior: dismiss and notify}
Session ID: 1b0b4ac416061a5a055fe9aadf2015d7
at sun.reflect.NativeConstructorAccessorImpl.newInstance0(Native Method)
at sun.reflect.NativeConstructorAccessorImpl.newInstance(NativeConstructorAccessorImpl.java:62)
at sun.reflect.DelegatingConstructorAccessorImpl.newInstance(DelegatingConstructorAccessorImpl.java:45)
at java.lang.reflect.Constructor.newInstance(Constructor.java:423)
at org.openqa.selenium.remote.http.W3CHttpResponseCodec.createException(W3CHttpResponseCodec.java:187)
at org.openqa.selenium.remote.http.W3CHttpResponseCodec.decode(W3CHttpResponseCodec.java:122)
at org.openqa.selenium.remote.http.W3CHttpResponseCodec.decode(W3CHttpResponseCodec.java:49)
at org.openqa.selenium.remote.HttpCommandExecutor.execute(HttpCommandExecutor.java:158)
at org.openqa.selenium.remote.service.DriverCommandExecutor.execute(DriverCommandExecutor.java:83)
at org.openqa.selenium.remote.RemoteWebDriver.execute(RemoteWebDriver.java:548)
at org.openqa.selenium.remote.RemoteWebElement.execute(RemoteWebElement.java:276)
at org.openqa.selenium.remote.RemoteWebElement.click(RemoteWebElement.java:83)
at Elite_Search.Elite_Search.searchmethod.Brand_selection(searchmethod.java:120)
at Elite_Search.Elite_Search.searchTest.Search_013(searchTest.java:197)
at sun.reflect.NativeMethodAccessorImpl.invoke0(Native Method)
at sun.reflect.NativeMethodAccessorImpl.invoke(NativeMethodAccessorImpl.java:62)
at sun.reflect.DelegatingMethodAccessorImpl.invoke(DelegatingMethodAccessorImpl.java:43)
at java.lang.reflect.Method.invoke(Method.java:498)
at org.testng.internal.MethodInvocationHelper.invokeMethod(MethodInvocationHelper.java:124)
at org.testng.internal.Invoker.invokeMethod(Invoker.java:583)
at org.testng.internal.Invoker.invokeTestMethod(Invoker.java:719)
at org.testng.internal.Invoker.invokeTestMethods(Invoker.java:989)
at org.testng.internal.TestMethodWorker.invokeTestMethods(TestMethodWorker.java:125)
at org.testng.internal.TestMethodWorker.run(TestMethodWorker.java:109)
at org.testng.TestRunner.privateRun(TestRunner.java:648)
at org.testng.TestRunner.run(TestRunner.java:505)
at org.testng.SuiteRunner.runTest(SuiteRunner.java:455)
at org.testng.SuiteRunner.runSequentially(SuiteRunner.java:450)
at org.testng.SuiteRunner.privateRun(SuiteRunner.java:415)
at org.testng.SuiteRunner.run(SuiteRunner.java:364)
at org.testng.SuiteRunnerWorker.runSuite(SuiteRunnerWorker.java:52)
at org.testng.SuiteRunnerWorker.run(SuiteRunnerWorker.java:84)
at org.testng.TestNG.runSuitesSequentially(TestNG.java:1208)
at org.testng.TestNG.runSuitesLocally(TestNG.java:1137)
at org.testng.TestNG.runSuites(TestNG.java:1049)
at org.testng.TestNG.run(TestNG.java:1017)
at org.testng.remote.AbstractRemoteTestNG.run(AbstractRemoteTestNG.java:114)
at org.testng.remote.RemoteTestNG.initAndRun(RemoteTestNG.java:251)
at org.testng.remote.RemoteTestNG.main(RemoteTestNG.java:77)
]]>
            </full-stacktrace>
          </exception> <!-- org.openqa.selenium.ElementClickInterceptedException -->
          <reporter-output>
          </reporter-output>
        </test-method> <!-- Search_013 -->
        <test-method status="PASS" signature="Search_014()[pri:14, instance:Elite_Search.Elite_Search.searchTest@14acaea5]" name="Search_014" duration-ms="70491" started-at="2019-10-16T06:43:44Z" finished-at="2019-10-16T06:44:54Z">
          <reporter-output>
          </reporter-output>
        </test-method> <!-- Search_014 -->
        <test-method status="PASS" signature="Search_015()[pri:15, instance:Elite_Search.Elite_Search.searchTest@14acaea5]" name="Search_015" duration-ms="70160" started-at="2019-10-16T06:44:54Z" finished-at="2019-10-16T06:46:04Z">
          <reporter-output>
          </reporter-output>
        </test-method> <!-- Search_015 -->
        <test-method status="PASS" signature="Search_016()[pri:16, instance:Elite_Search.Elite_Search.searchTest@14acaea5]" name="Search_016" duration-ms="401389" started-at="2019-10-16T06:46:04Z" finished-at="2019-10-16T06:52:46Z">
          <reporter-output>
          </reporter-output>
        </test-method> <!-- Search_016 -->
      </class> <!-- Elite_Search.Elite_Search.searchTest -->
    </test> <!-- Default test -->
  </suite> <!-- Default suite -->
</testng-results>
